<?xml version="1.0" encoding="UTF-8"?>
<testsuite xmlns:xsi="http://www.w3.org/2001/XMLSchema-instance" xsi:noNamespaceSchemaLocation="https://maven.apache.org/surefire/maven-surefire-plugin/xsd/surefire-test-report.xsd" name="lab_ssvv_tests.StudentTests" time="0.091" tests="9" errors="0" skipped="0" failures="0">
  <properties>
    <property name="java.specification.version" value="19"/>
    <property name="sun.cpu.isalist" value="amd64"/>
    <property name="sun.jnu.encoding" value="Cp1252"/>
    <property name="java.class.path" value="C:\Users\codri\source\repos\lab_ssvv_MaCoMo\target\test-classes;C:\Users\codri\source\repos\lab_ssvv_MaCoMo\target\classes;C:\Users\codri\.m2\repository\junit\junit\4.11\junit-4.11.jar;C:\Users\codri\.m2\repository\org\hamcrest\hamcrest-core\1.3\hamcrest-core-1.3.jar;"/>
    <property name="java.vm.vendor" value="Oracle Corporation"/>
    <property name="sun.arch.data.model" value="64"/>
    <property name="user.variant" value=""/>
    <property name="java.vendor.url" value="https://java.oracle.com/"/>
    <property name="user.timezone" value="Europe/Bucharest"/>
    <property name="os.name" value="Windows 11"/>
    <property name="java.vm.specification.version" value="19"/>
    <property name="sun.java.launcher" value="SUN_STANDARD"/>
    <property name="user.country" value="GB"/>
    <property name="sun.boot.library.path" value="C:\Program Files\Java\jdk-19\bin"/>
    <property name="sun.java.command" value="C:\Users\codri\AppData\Local\Temp\surefire13605513602981292750\surefirebooter7014286396768273683.jar C:\Users\codri\AppData\Local\Temp\surefire13605513602981292750 2024-04-15T14-24-43_600-jvmRun1 surefire4845185098173474822tmp surefire_0940150487685779331tmp"/>
    <property name="jdk.debug" value="release"/>
    <property name="surefire.test.class.path" value="C:\Users\codri\source\repos\lab_ssvv_MaCoMo\target\test-classes;C:\Users\codri\source\repos\lab_ssvv_MaCoMo\target\classes;C:\Users\codri\.m2\repository\junit\junit\4.11\junit-4.11.jar;C:\Users\codri\.m2\repository\org\hamcrest\hamcrest-core\1.3\hamcrest-core-1.3.jar;"/>
    <property name="sun.cpu.endian" value="little"/>
    <property name="user.home" value="C:\Users\codri"/>
    <property name="user.language" value="en"/>
    <property name="java.specification.vendor" value="Oracle Corporation"/>
    <property name="java.version.date" value="2022-09-20"/>
    <property name="java.home" value="C:\Program Files\Java\jdk-19"/>
    <property name="file.separator" value="\"/>
    <property name="basedir" value="C:\Users\codri\source\repos\lab_ssvv_MaCoMo"/>
    <property name="java.vm.compressedOopsMode" value="Zero based"/>
    <property name="line.separator" value="&#10;"/>
    <property name="java.vm.specification.vendor" value="Oracle Corporation"/>
    <property name="java.specification.name" value="Java Platform API Specification"/>
    <property name="surefire.real.class.path" value="C:\Users\codri\AppData\Local\Temp\surefire13605513602981292750\surefirebooter7014286396768273683.jar"/>
    <property name="user.script" value=""/>
    <property name="sun.management.compiler" value="HotSpot 64-Bit Tiered Compilers"/>
    <property name="java.runtime.version" value="19+36-2238"/>
    <property name="user.name" value="codri"/>
    <property name="stdout.encoding" value="Cp1252"/>
    <property name="path.separator" value=";"/>
    <property name="os.version" value="10.0"/>
    <property name="java.runtime.name" value="Java(TM) SE Runtime Environment"/>
    <property name="file.encoding" value="UTF-8"/>
    <property name="java.vm.name" value="Java HotSpot(TM) 64-Bit Server VM"/>
    <property name="localRepository" value="C:\Users\codri\.m2\repository"/>
    <property name="java.vendor.url.bug" value="https://bugreport.java.com/bugreport/"/>
    <property name="java.io.tmpdir" value="C:\Users\codri\AppData\Local\Temp\"/>
    <property name="idea.version" value="2022.2.2"/>
    <property name="java.version" value="19"/>
    <property name="user.dir" value="C:\Users\codri\source\repos\lab_ssvv_MaCoMo"/>
    <property name="os.arch" value="amd64"/>
    <property name="java.vm.specification.name" value="Java Virtual Machine Specification"/>
    <property name="sun.os.patch.level" value=""/>
    <property name="native.encoding" value="Cp1252"/>
    <property name="java.library.path" value="C:\Program Files\Java\jdk-19\bin;C:\WINDOWS\Sun\Java\bin;C:\WINDOWS\system32;C:\WINDOWS;C:\Program Files\Oculus\Support\oculus-runtime;C:\Python311\Scripts\;C:\Python311\;C:\Program Files\Microsoft\jdk-11.0.16.101-hotspot\bin;C:\Program Files\Common Files\Oracle\Java\javapath;C:\Windows\system32;C:\Windows;C:\Windows\System32\Wbem;C:\Windows\System32\WindowsPowerShell\v1.0\;C:\Windows\System32\OpenSSH\;C:\Program Files\dotnet\;C:\Program Files\Microsoft SQL Server\120\Tools\Binn\;C:\Program Files\Common Files\Autodesk Shared\;C:\Program Files (x86)\Autodesk\Backburner\;C:\Program Files\PuTTY\;C:\Program Files\MATLAB\R2021b\bin;C:\Program Files\Microsoft SQL Server\Client SDK\ODBC\110\Tools\Binn\;C:\Program Files (x86)\Microsoft SQL Server\120\Tools\Binn\;C:\Program Files\Microsoft SQL Server\120\DTS\Binn\;C:\Program Files (x86)\Microsoft SQL Server\120\Tools\Binn\ManagementStudio\;C:\Program Files (x86)\Microsoft SQL Server\120\DTS\Binn\;C:\Program Files\Microsoft SQL Server\130\Tools\Binn\;C:\Program Files\Microsoft SQL Server\Client SDK\ODBC\170\Tools\Binn\;C:\Program Files\Microsoft SQL Server\150\Tools\Binn\;C:\WINDOWS\system32;C:\WINDOWS;C:\WINDOWS\System32\Wbem;C:\WINDOWS\System32\WindowsPowerShell\v1.0\;C:\WINDOWS\System32\OpenSSH\;C:\Program Files\nodejs\;C:\ProgramData\chocolatey\bin;C:\Program Files (x86)\Git\cmd;C:\Program Files\NVIDIA Corporation\NVIDIA NvDLISR;C:\Program Files (x86)\NVIDIA Corporation\PhysX\Common;C:\Program Files (x86)\IVI Foundation\VISA\WinNT\Bin\;C:\Program Files\IVI Foundation\VISA\Win64\Bin\;C:\Program Files (x86)\National Instruments\Shared\LabVIEW CLI;C:\Program Files (x86)\IVI Foundation\VISA\WinNT\Bin;C:\Program Files\Docker\Docker\resources\bin;C:\Program Files\Vagrant\bin;C:\Strawberry\c\bin;C:\Strawberry\perl\site\bin;C:\Strawberry\perl\bin;C:\Users\codri\anaconda3;C:\Users\codri\anaconda3\Library\mingw-w64\bin;C:\Users\codri\anaconda3\Library\usr\bin;C:\Users\codri\anaconda3\Library\bin;C:\Users\codri\anaconda3\Scripts;C:\Users\codri\AppData\Local\Microsoft\WindowsApps;C:\Users\codri\AppData\Local\GitHubDesktop\bin;C:\Python27;C:\Users\codri\.dotnet\tools;C:\Users\codri\AppData\Local\Programs\Microsoft VS Code\bin;D:\apache-maven-3.9.0\bin;C:\ffmpeg\bin;C:\Users\codri\AppData\Roaming\npm;C:\Users\codri\Documents\twitch clips;C:\Users\codri\AppData\Local\Programs\MiKTeX\miktex\bin\x64\;."/>
    <property name="java.vm.info" value="mixed mode, sharing"/>
    <property name="stderr.encoding" value="Cp1252"/>
    <property name="java.vendor" value="Oracle Corporation"/>
    <property name="java.vm.version" value="19+36-2238"/>
    <property name="sun.io.unicode.encoding" value="UnicodeLittle"/>
    <property name="java.class.version" value="63.0"/>
  </properties>
  <testcase name="addStudent_InvalidName_Empty" classname="lab_ssvv_tests.StudentTests" time="0.044"/>
  <testcase name="addStudent_InvalidGroup_TooLow" classname="lab_ssvv_tests.StudentTests" time="0.005"/>
  <testcase name="addStudent_ValidEmail" classname="lab_ssvv_tests.StudentTests" time="0.006"/>
  <testcase name="addStudent_ValidGroup" classname="lab_ssvv_tests.StudentTests" time="0.007"/>
  <testcase name="addStudent_InvalidGroup_TooHigh" classname="lab_ssvv_tests.StudentTests" time="0.005"/>
  <testcase name="addStudent_ValidName" classname="lab_ssvv_tests.StudentTests" time="0.005"/>
  <testcase name="addStudent_InvalidEmail_MissingAtSymbol" classname="lab_ssvv_tests.StudentTests" time="0.006"/>
  <testcase name="addStudent_ValidData_CreatedSuccessfully" classname="lab_ssvv_tests.StudentTests" time="0.006"/>
  <testcase name="addStudent_InvalidEmail_InvalidDomain" classname="lab_ssvv_tests.StudentTests" time="0.005"/>
</testsuite>